# JRE version: OpenJDK Runtime Environment Temurin-21.0.9+10 (21.0.9+10) (build 21.0.9+10-LTS)
# Java VM: OpenJDK 64-Bit Server VM Temurin-21.0.9+10 (21.0.9+10-LTS, mixed mode, sharing, tiered, compressed oops, compressed class ptrs, g1 gc, windows-amd64)
GC Precious Log:
 CardTable entry size: 512
 Card Set container configuration: InlinePtr #cards 5 size 8 Array Of Cards #cards 12 size 40 Howl #buckets 4 coarsen threshold 1843 Howl Bitmap #cards 512 size 80 coarsen threshold 460 Card regions per heap region 1 cards per card region 2048
 CPUs: 4 total, 4 available
 Memory: 4016M
 Large Page Support: Disabled
 NUMA Support: Disabled
 Compressed Oops: Enabled (32-bit)
 Heap Region Size: 1M
 Heap Min Capacity: 8M
 Heap Initial Capacity: 64M
 Heap Max Capacity: 2G
 Pre-touch: Disabled
 Parallel Workers: 4
 Concurrent Workers: 1
 Concurrent Refinement Workers: 4
 Periodic GC: Disabled
Heap:
 garbage-first heap   total 235520K, used 156345K [0x0000000080000000, 0x0000000100000000)
  region size 1024K, 9 young (9216K), 6 survivors (6144K)
 Metaspace       used 123914K, committed 126528K, reserved 1179648K
  class space    used 16698K, committed 17984K, reserved 1048576K
GC Heap History (20 events):
Event: 115.203 GC heap before
{Heap before GC invocations=47 (full 0):
 garbage-first heap   total 148480K, used 120992K [0x0000000080000000, 0x0000000100000000)
  region size 1024K, 34 young (34816K), 5 survivors (5120K)
 Metaspace       used 94222K, committed 96448K, reserved 1179648K
  class space    used 13377K, committed 14464K, reserved 1048576K
}
Event: 115.218 GC heap after
{Heap after GC invocations=48 (full 0):
 garbage-first heap   total 148480K, used 93401K [0x0000000080000000, 0x0000000100000000)
  region size 1024K, 5 young (5120K), 5 survivors (5120K)
 Metaspace       used 94222K, committed 96448K, reserved 1179648K
  class space    used 13377K, committed 14464K, reserved 1048576K
}
Event: 116.905 GC heap before
{Heap before GC invocations=49 (full 0):
 garbage-first heap   total 168960K, used 146649K [0x0000000080000000, 0x0000000100000000)
  region size 1024K, 49 young (50176K), 5 survivors (5120K)
 Metaspace       used 94665K, committed 96896K, reserved 1179648K
  class space    used 13389K, committed 14464K, reserved 1048576K
}
Event: 116.952 GC heap after
{Heap after GC invocations=50 (full 0):
 garbage-first heap   total 168960K, used 109081K [0x0000000080000000, 0x0000000100000000)
  region size 1024K, 7 young (7168K), 7 survivors (7168K)
 Metaspace       used 94665K, committed 96896K, reserved 1179648K
  class space    used 13389K, committed 14464K, reserved 1048576K
}
Event: 118.905 GC heap before
{Heap before GC invocations=50 (full 0):
 garbage-first heap   total 168960K, used 150041K [0x0000000080000000, 0x0000000100000000)
  region size 1024K, 47 young (48128K), 7 survivors (7168K)
 Metaspace       used 94667K, committed 96896K, reserved 1179648K
  class space    used 13389K, committed 14464K, reserved 1048576K
}
Event: 118.963 GC heap after
{Heap after GC invocations=51 (full 0):
 garbage-first heap   total 172032K, used 121344K [0x0000000080000000, 0x0000000100000000)
  region size 1024K, 6 young (6144K), 6 survivors (6144K)
 Metaspace       used 94667K, committed 96896K, reserved 1179648K
  class space    used 13389K, committed 14464K, reserved 1048576K
}
Event: 120.949 GC heap before
{Heap before GC invocations=51 (full 0):
 garbage-first heap   total 172032K, used 152064K [0x0000000080000000, 0x0000000100000000)
  region size 1024K, 36 young (36864K), 6 survivors (6144K)
 Metaspace       used 97176K, committed 99392K, reserved 1179648K
  class space    used 13718K, committed 14784K, reserved 1048576K
}
Event: 120.969 GC heap after
{Heap after GC invocations=52 (full 0):
 garbage-first heap   total 172032K, used 125793K [0x0000000080000000, 0x0000000100000000)
  region size 1024K, 4 young (4096K), 4 survivors (4096K)
 Metaspace       used 97176K, committed 99392K, reserved 1179648K
  class space    used 13718K, committed 14784K, reserved 1048576K
}
Event: 123.891 GC heap before
{Heap before GC invocations=53 (full 0):
 garbage-first heap   total 208896K, used 161633K [0x0000000080000000, 0x0000000100000000)
  region size 1024K, 33 young (33792K), 4 survivors (4096K)
 Metaspace       used 99903K, committed 102080K, reserved 1179648K
  class space    used 14004K, committed 15040K, reserved 1048576K
}
Event: 123.904 GC heap after
{Heap after GC invocations=54 (full 0):
 garbage-first heap   total 208896K, used 135745K [0x0000000080000000, 0x0000000100000000)
  region size 1024K, 4 young (4096K), 4 survivors (4096K)
 Metaspace       used 99903K, committed 102080K, reserved 1179648K
  class space    used 14004K, committed 15040K, reserved 1048576K
}
Event: 127.032 GC heap before
{Heap before GC invocations=54 (full 0):
 garbage-first heap   total 208896K, used 183873K [0x0000000080000000, 0x0000000100000000)
  region size 1024K, 51 young (52224K), 4 survivors (4096K)
 Metaspace       used 105612K, committed 107968K, reserved 1179648K
  class space    used 14571K, committed 15744K, reserved 1048576K
}
Event: 127.050 GC heap after
{Heap after GC invocations=55 (full 0):
 garbage-first heap   total 208896K, used 137532K [0x0000000080000000, 0x0000000100000000)
  region size 1024K, 7 young (7168K), 7 survivors (7168K)
 Metaspace       used 105612K, committed 107968K, reserved 1179648K
  class space    used 14571K, committed 15744K, reserved 1048576K
}
Event: 131.453 GC heap before
{Heap before GC invocations=55 (full 0):
 garbage-first heap   total 208896K, used 185660K [0x0000000080000000, 0x0000000100000000)
  region size 1024K, 54 young (55296K), 7 survivors (7168K)
 Metaspace       used 112120K, committed 114688K, reserved 1179648K
  class space    used 15439K, committed 16704K, reserved 1048576K
}
Event: 131.477 GC heap after
{Heap after GC invocations=56 (full 0):
 garbage-first heap   total 208896K, used 140500K [0x0000000080000000, 0x0000000100000000)
  region size 1024K, 7 young (7168K), 7 survivors (7168K)
 Metaspace       used 112120K, committed 114688K, reserved 1179648K
  class space    used 15439K, committed 16704K, reserved 1048576K
}
Event: 135.137 GC heap before
{Heap before GC invocations=57 (full 0):
 garbage-first heap   total 235520K, used 189652K [0x0000000080000000, 0x0000000100000000)
  region size 1024K, 54 young (55296K), 7 survivors (7168K)
 Metaspace       used 114640K, committed 117184K, reserved 1179648K
  class space    used 15756K, committed 17024K, reserved 1048576K
}
Event: 135.154 GC heap after
{Heap after GC invocations=58 (full 0):
 garbage-first heap   total 235520K, used 144512K [0x0000000080000000, 0x0000000100000000)
  region size 1024K, 7 young (7168K), 7 survivors (7168K)
 Metaspace       used 114640K, committed 117184K, reserved 1179648K
  class space    used 15756K, committed 17024K, reserved 1048576K
}
Event: 141.541 GC heap before
{Heap before GC invocations=58 (full 0):
 garbage-first heap   total 235520K, used 209024K [0x0000000080000000, 0x0000000100000000)
  region size 1024K, 70 young (71680K), 7 survivors (7168K)
 Metaspace       used 116551K, committed 119104K, reserved 1179648K
  class space    used 15926K, committed 17216K, reserved 1048576K
}
Event: 141.567 GC heap after
{Heap after GC invocations=59 (full 0):
 garbage-first heap   total 235520K, used 148317K [0x0000000080000000, 0x0000000100000000)
  region size 1024K, 9 young (9216K), 9 survivors (9216K)
 Metaspace       used 116551K, committed 119104K, reserved 1179648K
  class space    used 15926K, committed 17216K, reserved 1048576K
}
Event: 150.591 GC heap before
{Heap before GC invocations=59 (full 0):
 garbage-first heap   total 235520K, used 213853K [0x0000000080000000, 0x0000000100000000)
  region size 1024K, 73 young (74752K), 9 survivors (9216K)
 Metaspace       used 123534K, committed 126144K, reserved 1179648K
  class space    used 16647K, committed 17920K, reserved 1048576K
}
Event: 150.621 GC heap after
{Heap after GC invocations=60 (full 0):
 garbage-first heap   total 235520K, used 154297K [0x0000000080000000, 0x0000000100000000)
  region size 1024K, 6 young (6144K), 6 survivors (6144K)
 Metaspace       used 123534K, committed 126144K, reserved 1179648K
  class space    used 16647K, committed 17920K, reserved 1048576K
}

