# JRE version: OpenJDK Runtime Environment Temurin-21.0.10+7 (21.0.10+7) (build 21.0.10+7-LTS)
# Java VM: OpenJDK 64-Bit Server VM Temurin-21.0.10+7 (21.0.10+7-LTS, mixed mode, sharing, tiered, compressed oops, compressed class ptrs, g1 gc, windows-amd64)
GC Precious Log:
 CardTable entry size: 512
 Card Set container configuration: InlinePtr #cards 5 size 8 Array Of Cards #cards 12 size 40 Howl #buckets 4 coarsen threshold 1843 Howl Bitmap #cards 512 size 80 coarsen threshold 460 Card regions per heap region 1 cards per card region 2048
 CPUs: 4 total, 4 available
 Memory: 4016M
 Large Page Support: Disabled
 NUMA Support: Disabled
 Compressed Oops: Enabled (32-bit)
 Heap Region Size: 1M
 Heap Min Capacity: 8M
 Heap Initial Capacity: 64M
 Heap Max Capacity: 2G
 Pre-touch: Disabled
 Parallel Workers: 4
 Concurrent Workers: 1
 Concurrent Refinement Workers: 4
 Periodic GC: Disabled
Heap:
 garbage-first heap   total 81920K, used 62701K [0x0000000080000000, 0x0000000100000000)
  region size 1024K, 17 young (17408K), 3 survivors (3072K)
 Metaspace       used 57950K, committed 59776K, reserved 1114112K
  class space    used 8289K, committed 9216K, reserved 1048576K
GC Heap History (20 events):
Event: 48.444 GC heap before
{Heap before GC invocations=18 (full 0):
 garbage-first heap   total 67584K, used 60567K [0x0000000080000000, 0x0000000100000000)
  region size 1024K, 26 young (26624K), 3 survivors (3072K)
 Metaspace       used 46217K, committed 47872K, reserved 1114112K
  class space    used 6648K, committed 7488K, reserved 1048576K
}
Event: 48.453 GC heap after
{Heap after GC invocations=19 (full 0):
 garbage-first heap   total 67584K, used 37599K [0x0000000080000000, 0x0000000100000000)
  region size 1024K, 2 young (2048K), 2 survivors (2048K)
 Metaspace       used 46217K, committed 47872K, reserved 1114112K
  class space    used 6648K, committed 7488K, reserved 1048576K
}
Event: 51.427 GC heap before
{Heap before GC invocations=19 (full 0):
 garbage-first heap   total 67584K, used 61151K [0x0000000080000000, 0x0000000100000000)
  region size 1024K, 26 young (26624K), 2 survivors (2048K)
 Metaspace       used 49497K, committed 51136K, reserved 1114112K
  class space    used 7116K, committed 7936K, reserved 1048576K
}
Event: 51.435 GC heap after
{Heap after GC invocations=20 (full 0):
 garbage-first heap   total 67584K, used 38498K [0x0000000080000000, 0x0000000100000000)
  region size 1024K, 3 young (3072K), 3 survivors (3072K)
 Metaspace       used 49497K, committed 51136K, reserved 1114112K
  class space    used 7116K, committed 7936K, reserved 1048576K
}
Event: 53.443 GC heap before
{Heap before GC invocations=21 (full 0):
 garbage-first heap   total 67584K, used 62050K [0x0000000080000000, 0x0000000100000000)
  region size 1024K, 26 young (26624K), 3 survivors (3072K)
 Metaspace       used 52171K, committed 53824K, reserved 1114112K
  class space    used 7556K, committed 8384K, reserved 1048576K
}
Event: 53.457 GC heap after
{Heap after GC invocations=22 (full 0):
 garbage-first heap   total 67584K, used 40475K [0x0000000080000000, 0x0000000100000000)
  region size 1024K, 4 young (4096K), 4 survivors (4096K)
 Metaspace       used 52171K, committed 53824K, reserved 1114112K
  class space    used 7556K, committed 8384K, reserved 1048576K
}
Event: 56.622 GC heap before
{Heap before GC invocations=22 (full 0):
 garbage-first heap   total 67584K, used 61979K [0x0000000080000000, 0x0000000100000000)
  region size 1024K, 25 young (25600K), 4 survivors (4096K)
 Metaspace       used 54895K, committed 56704K, reserved 1114112K
  class space    used 7979K, committed 8896K, reserved 1048576K
}
Event: 56.640 GC heap after
{Heap after GC invocations=23 (full 0):
 garbage-first heap   total 69632K, used 41543K [0x0000000080000000, 0x0000000100000000)
  region size 1024K, 4 young (4096K), 4 survivors (4096K)
 Metaspace       used 54895K, committed 56704K, reserved 1114112K
  class space    used 7979K, committed 8896K, reserved 1048576K
}
Event: 60.294 GC heap before
{Heap before GC invocations=23 (full 0):
 garbage-first heap   total 69632K, used 63047K [0x0000000080000000, 0x0000000100000000)
  region size 1024K, 25 young (25600K), 4 survivors (4096K)
 Metaspace       used 56304K, committed 58112K, reserved 1114112K
  class space    used 8126K, committed 9024K, reserved 1048576K
}
Event: 60.316 GC heap after
{Heap after GC invocations=24 (full 0):
 garbage-first heap   total 70656K, used 44863K [0x0000000080000000, 0x0000000100000000)
  region size 1024K, 4 young (4096K), 4 survivors (4096K)
 Metaspace       used 56304K, committed 58112K, reserved 1114112K
  class space    used 8126K, committed 9024K, reserved 1048576K
}
Event: 61.620 GC heap before
{Heap before GC invocations=25 (full 0):
 garbage-first heap   total 75776K, used 63295K [0x0000000080000000, 0x0000000100000000)
  region size 1024K, 23 young (23552K), 4 survivors (4096K)
 Metaspace       used 56845K, committed 58624K, reserved 1114112K
  class space    used 8196K, committed 9088K, reserved 1048576K
}
Event: 61.634 GC heap after
{Heap after GC invocations=26 (full 0):
 garbage-first heap   total 75776K, used 46819K [0x0000000080000000, 0x0000000100000000)
  region size 1024K, 2 young (2048K), 2 survivors (2048K)
 Metaspace       used 56845K, committed 58624K, reserved 1114112K
  class space    used 8196K, committed 9088K, reserved 1048576K
}
Event: 63.649 GC heap before
{Heap before GC invocations=26 (full 0):
 garbage-first heap   total 75776K, used 68323K [0x0000000080000000, 0x0000000100000000)
  region size 1024K, 24 young (24576K), 2 survivors (2048K)
 Metaspace       used 57268K, committed 59072K, reserved 1114112K
  class space    used 8223K, committed 9152K, reserved 1048576K
}
Event: 63.658 GC heap after
{Heap after GC invocations=27 (full 0):
 garbage-first heap   total 75776K, used 47233K [0x0000000080000000, 0x0000000100000000)
  region size 1024K, 3 young (3072K), 3 survivors (3072K)
 Metaspace       used 57268K, committed 59072K, reserved 1114112K
  class space    used 8223K, committed 9152K, reserved 1048576K
}
Event: 65.380 GC heap before
{Heap before GC invocations=27 (full 0):
 garbage-first heap   total 75776K, used 68737K [0x0000000080000000, 0x0000000100000000)
  region size 1024K, 25 young (25600K), 3 survivors (3072K)
 Metaspace       used 57406K, committed 59264K, reserved 1114112K
  class space    used 8223K, committed 9152K, reserved 1048576K
}
Event: 65.393 GC heap after
{Heap after GC invocations=28 (full 0):
 garbage-first heap   total 75776K, used 48002K [0x0000000080000000, 0x0000000100000000)
  region size 1024K, 2 young (2048K), 2 survivors (2048K)
 Metaspace       used 57406K, committed 59264K, reserved 1114112K
  class space    used 8223K, committed 9152K, reserved 1048576K
}
Event: 66.447 GC heap before
{Heap before GC invocations=29 (full 0):
 garbage-first heap   total 81920K, used 68482K [0x0000000080000000, 0x0000000100000000)
  region size 1024K, 23 young (23552K), 2 survivors (2048K)
 Metaspace       used 57415K, committed 59264K, reserved 1114112K
  class space    used 8223K, committed 9152K, reserved 1048576K
}
Event: 66.452 GC heap after
{Heap after GC invocations=30 (full 0):
 garbage-first heap   total 81920K, used 48576K [0x0000000080000000, 0x0000000100000000)
  region size 1024K, 3 young (3072K), 3 survivors (3072K)
 Metaspace       used 57415K, committed 59264K, reserved 1114112K
  class space    used 8223K, committed 9152K, reserved 1048576K
}
Event: 67.356 GC heap before
{Heap before GC invocations=30 (full 0):
 garbage-first heap   total 81920K, used 75200K [0x0000000080000000, 0x0000000100000000)
  region size 1024K, 29 young (29696K), 3 survivors (3072K)
 Metaspace       used 57421K, committed 59264K, reserved 1114112K
  class space    used 8223K, committed 9152K, reserved 1048576K
}
Event: 67.364 GC heap after
{Heap after GC invocations=31 (full 0):
 garbage-first heap   total 81920K, used 49389K [0x0000000080000000, 0x0000000100000000)
  region size 1024K, 3 young (3072K), 3 survivors (3072K)
 Metaspace       used 57421K, committed 59264K, reserved 1114112K
  class space    used 8223K, committed 9152K, reserved 1048576K
}

